bdm_IMPORTS_start
I_bdm_connect_bd
I_bdm_disconnect_bd
bdm_IMPORTS_end

thbase_IMPORTS_start
I_CreateThread
I_StartThread
I_DelayThread
I_DeleteThread
I_SetAlarm
I_CancelAlarm
I_USec2SysClock
thbase_IMPORTS_end

stdio_IMPORTS_start
I_printf
stdio_IMPORTS_end

sysclib_IMPORTS_start
I_memcpy
I_bzero
I_strcmp
I_strrchr
sysclib_IMPORTS_end

intrman_IMPORTS_start
I_CpuSuspendIntr
I_CpuResumeIntr
I_QueryIntrContext
I_RegisterIntrHandler
I_EnableIntr
I_DisableIntr
intrman_IMPORTS_end

ioman_IMPORTS_start
I_open
//I_write
I_close
I_AddDrv
I_DelDrv
ioman_IMPORTS_end

loadcore_IMPORTS_start
I_RegisterLibraryEntries
I_ReleaseLibraryEntries
I_QueryBootMode
loadcore_IMPORTS_end

thevent_IMPORTS_start
I_CreateEventFlag
I_WaitEventFlag
I_SetEventFlag
I_iSetEventFlag
I_DeleteEventFlag
thevent_IMPORTS_end

thsemap_IMPORTS_start
I_CreateSema
//I_DeleteSema
I_SignalSema
I_WaitSema
thsemap_IMPORTS_end

dmacman_IMPORTS_start
I_dmac_get_dpcr2
I_dmac_set_dpcr2
dmacman_IMPORTS_end
